<?xml version="1.0" encoding="UTF-8"?>
<testng-results ignored="0" total="1" passed="1" failed="0" skipped="0">
  <reporter-output>
  </reporter-output>
  <suite started-at="2023-03-20T12:12:28 PET" name="Default suite" finished-at="2023-03-20T12:12:35 PET" duration-ms="6239">
    <groups>
    </groups>
    <test started-at="2023-03-20T12:12:28 PET" name="Default test" finished-at="2023-03-20T12:12:35 PET" duration-ms="6239">
      <class name="com.parabank.tests.Tercer_Boton_Test">
        <test-method signature="Setup()[pri:0, instance:com.parabank.tests.Tercer_Boton_Test@74751b3]" started-at="2023-03-20T12:12:28 PET" name="Setup" finished-at="2023-03-20T12:12:35 PET" duration-ms="6150" status="PASS">
          <reporter-output>
          </reporter-output>
        </test-method> <!-- Setup -->
      </class> <!-- com.parabank.tests.Tercer_Boton_Test -->
    </test> <!-- Default test -->
  </suite> <!-- Default suite -->
</testng-results>
